<?xml version="1.0" encoding="UTF-8"?>
<testng-results ignored="0" total="4" passed="4" failed="0" skipped="0">
  <reporter-output>
  </reporter-output>
  <suite started-at="2023-11-26T23:57:32 IST" name="Single" finished-at="2023-11-26T23:57:42 IST" duration-ms="9758">
    <groups>
    </groups>
    <test started-at="2023-11-26T23:57:32 IST" name="SingleTest" finished-at="2023-11-26T23:57:42 IST" duration-ms="9758">
      <class name="testcases.BaseTest">
        <test-method is-config="true" signature="setUp()[pri:0, instance:testcases.BaseTest@7161d8d1]" started-at="2023-11-26T23:57:32 IST" name="setUp" finished-at="2023-11-26T23:57:39 IST" duration-ms="6615" status="PASS">
          <reporter-output>
          </reporter-output>
        </test-method> <!-- setUp -->
        <test-method signature="verifyIfTheApplicationLaunchSuccessfully()[pri:1, instance:testcases.BaseTest@7161d8d1]" started-at="2023-11-26T23:57:39 IST" name="verifyIfTheApplicationLaunchSuccessfully" finished-at="2023-11-26T23:57:39 IST" duration-ms="29" status="PASS">
          <reporter-output>
          </reporter-output>
        </test-method> <!-- verifyIfTheApplicationLaunchSuccessfully -->
        <test-method signature="verifyIfTheProductDisplayOnHomePage()[pri:2, instance:testcases.BaseTest@7161d8d1]" started-at="2023-11-26T23:57:39 IST" name="verifyIfTheProductDisplayOnHomePage" finished-at="2023-11-26T23:57:39 IST" duration-ms="24" status="PASS">
          <reporter-output>
          </reporter-output>
        </test-method> <!-- verifyIfTheProductDisplayOnHomePage -->
        <test-method signature="verifyIfAddCartButtonIsAvailableOnProduct()[pri:3, instance:testcases.BaseTest@7161d8d1]" started-at="2023-11-26T23:57:39 IST" name="verifyIfAddCartButtonIsAvailableOnProduct" finished-at="2023-11-26T23:57:40 IST" duration-ms="1177" status="PASS">
          <reporter-output>
          </reporter-output>
        </test-method> <!-- verifyIfAddCartButtonIsAvailableOnProduct -->
        <test-method signature="verifyClickingOnProductRedirectsOnDetailPage()[pri:4, instance:testcases.BaseTest@7161d8d1]" started-at="2023-11-26T23:57:40 IST" name="verifyClickingOnProductRedirectsOnDetailPage" finished-at="2023-11-26T23:57:42 IST" duration-ms="1646" status="PASS">
          <reporter-output>
          </reporter-output>
        </test-method> <!-- verifyClickingOnProductRedirectsOnDetailPage -->
        <test-method is-config="true" signature="tearDown()[pri:0, instance:testcases.BaseTest@7161d8d1]" started-at="2023-11-26T23:57:42 IST" name="tearDown" finished-at="2023-11-26T23:57:42 IST" duration-ms="226" status="PASS">
          <reporter-output>
          </reporter-output>
        </test-method> <!-- tearDown -->
      </class> <!-- testcases.BaseTest -->
    </test> <!-- SingleTest -->
  </suite> <!-- Single -->
</testng-results>
